<?xml version="1.0" encoding="UTF-8"?>
<testsuite name="org.fisco.bcos.ContractTest" tests="1" skipped="0" failures="0" errors="0" timestamp="2019-12-12T07:44:32" hostname="fiscobcos-VirtualBox" time="1.914">
  <properties/>
  <testcase name="deployAndCallHelloWorld" classname="org.fisco.bcos.ContractTest" time="1.914"/>
  <system-out><![CDATA[2019-12-12 15:44:32,418 [Test worker] INFO  [o.s.b.t.context.SpringBootTestContextBootstrapper] AbstractTestContextBootstrapper.java:308 - Neither @ContextConfiguration nor @ContextHierarchy found for test class [org.fisco.bcos.ContractTest], using SpringBootContextLoader
2019-12-12 15:44:32,421 [Test worker] INFO  [o.s.test.context.support.AbstractContextLoader] AbstractContextLoader.java:264 - Could not detect default resource locations for test class [org.fisco.bcos.ContractTest]: no resource found for suffixes {-context.xml, Context.groovy}.
2019-12-12 15:44:32,441 [Test worker] INFO  [o.s.b.t.context.SpringBootTestContextBootstrapper] AbstractTestContextBootstrapper.java:248 - Loaded default TestExecutionListener class names from location [META-INF/spring.factories]: [org.springframework.boot.test.autoconfigure.restdocs.RestDocsTestExecutionListener, org.springframework.boot.test.autoconfigure.web.client.MockRestServiceServerResetTestExecutionListener, org.springframework.boot.test.autoconfigure.web.servlet.MockMvcPrintOnlyOnFailureTestExecutionListener, org.springframework.boot.test.autoconfigure.web.servlet.WebDriverTestExecutionListener, org.springframework.boot.test.mock.mockito.MockitoTestExecutionListener, org.springframework.boot.test.mock.mockito.ResetMocksTestExecutionListener, org.springframework.test.context.web.ServletTestExecutionListener, org.springframework.test.context.support.DirtiesContextBeforeModesTestExecutionListener, org.springframework.test.context.support.DependencyInjectionTestExecutionListener, org.springframework.test.context.support.DirtiesContextTestExecutionListener, org.springframework.test.context.transaction.TransactionalTestExecutionListener, org.springframework.test.context.jdbc.SqlScriptsTestExecutionListener]
2019-12-12 15:44:32,444 [Test worker] INFO  [o.s.b.t.context.SpringBootTestContextBootstrapper] AbstractTestContextBootstrapper.java:177 - Using TestExecutionListeners: [org.springframework.test.context.support.DirtiesContextBeforeModesTestExecutionListener@187e7109, org.springframework.boot.test.mock.mockito.MockitoTestExecutionListener@1370487, org.springframework.boot.test.autoconfigure.SpringBootDependencyInjectionTestExecutionListener@1c838248, org.springframework.test.context.support.DirtiesContextTestExecutionListener@3dc26a13, org.springframework.test.context.transaction.TransactionalTestExecutionListener@56dfb29b, org.springframework.test.context.jdbc.SqlScriptsTestExecutionListener@6ff597fb, org.springframework.boot.test.autoconfigure.restdocs.RestDocsTestExecutionListener@6f64c98f, org.springframework.boot.test.autoconfigure.web.client.MockRestServiceServerResetTestExecutionListener@4158a482, org.springframework.boot.test.autoconfigure.web.servlet.MockMvcPrintOnlyOnFailureTestExecutionListener@6ab89d58, org.springframework.boot.test.autoconfigure.web.servlet.WebDriverTestExecutionListener@293195bb, org.springframework.boot.test.mock.mockito.ResetMocksTestExecutionListener@605019a3]
2019-12-12 15:44:32,777 [nioEventLoopGroup-2-1] INFO  [org.fisco.bcos.channel.client.Service] Service.java:1316 - Receive block notify: {"blockNumber":12,"groupID":1}

HelloWorld address is: 0x8f497c07d15547d66f22d792686d6f0d41d9c3d0
2019-12-12 15:44:34,329 [nioEventLoopGroup-2-1] INFO  [org.fisco.bcos.channel.client.Service] Service.java:1316 - Receive block notify: {"blockNumber":13,"groupID":1}

Hello, World!
]]></system-out>
  <system-err><![CDATA[]]></system-err>
</testsuite>
