<?xml version="1.0" encoding="UTF-8"?>
<testsuite name="org.fisco.bcos.Web3jApiTest" tests="1" skipped="0" failures="0" errors="0" timestamp="2019-12-12T07:44:22" hostname="fiscobcos-VirtualBox" time="0.01">
  <properties/>
  <testcase name="getBlockNumber" classname="org.fisco.bcos.Web3jApiTest" time="0.01"/>
  <system-out><![CDATA[2019-12-12 15:44:22,200 [Test worker] INFO  [o.s.b.t.context.SpringBootTestContextBootstrapper] AbstractTestContextBootstrapper.java:308 - Neither @ContextConfiguration nor @ContextHierarchy found for test class [org.fisco.bcos.Web3jApiTest], using SpringBootContextLoader
2019-12-12 15:44:22,205 [Test worker] INFO  [o.s.test.context.support.AbstractContextLoader] AbstractContextLoader.java:264 - Could not detect default resource locations for test class [org.fisco.bcos.Web3jApiTest]: no resource found for suffixes {-context.xml, Context.groovy}.
2019-12-12 15:44:22,235 [Test worker] INFO  [o.s.b.t.context.SpringBootTestContextBootstrapper] AbstractTestContextBootstrapper.java:248 - Loaded default TestExecutionListener class names from location [META-INF/spring.factories]: [org.springframework.boot.test.autoconfigure.restdocs.RestDocsTestExecutionListener, org.springframework.boot.test.autoconfigure.web.client.MockRestServiceServerResetTestExecutionListener, org.springframework.boot.test.autoconfigure.web.servlet.MockMvcPrintOnlyOnFailureTestExecutionListener, org.springframework.boot.test.autoconfigure.web.servlet.WebDriverTestExecutionListener, org.springframework.boot.test.mock.mockito.MockitoTestExecutionListener, org.springframework.boot.test.mock.mockito.ResetMocksTestExecutionListener, org.springframework.test.context.web.ServletTestExecutionListener, org.springframework.test.context.support.DirtiesContextBeforeModesTestExecutionListener, org.springframework.test.context.support.DependencyInjectionTestExecutionListener, org.springframework.test.context.support.DirtiesContextTestExecutionListener, org.springframework.test.context.transaction.TransactionalTestExecutionListener, org.springframework.test.context.jdbc.SqlScriptsTestExecutionListener]
2019-12-12 15:44:22,239 [Test worker] INFO  [o.s.b.t.context.SpringBootTestContextBootstrapper] AbstractTestContextBootstrapper.java:177 - Using TestExecutionListeners: [org.springframework.test.context.support.DirtiesContextBeforeModesTestExecutionListener@424b7266, org.springframework.boot.test.mock.mockito.MockitoTestExecutionListener@4b9a91c7, org.springframework.boot.test.autoconfigure.SpringBootDependencyInjectionTestExecutionListener@829472c, org.springframework.test.context.support.DirtiesContextTestExecutionListener@56b872e4, org.springframework.test.context.transaction.TransactionalTestExecutionListener@4ff9e217, org.springframework.test.context.jdbc.SqlScriptsTestExecutionListener@50f24686, org.springframework.boot.test.autoconfigure.restdocs.RestDocsTestExecutionListener@12a06b93, org.springframework.boot.test.autoconfigure.web.client.MockRestServiceServerResetTestExecutionListener@71a0471, org.springframework.boot.test.autoconfigure.web.servlet.MockMvcPrintOnlyOnFailureTestExecutionListener@7f3b7df, org.springframework.boot.test.autoconfigure.web.servlet.WebDriverTestExecutionListener@457707d1, org.springframework.boot.test.mock.mockito.ResetMocksTestExecutionListener@541a001f]
]]></system-out>
  <system-err><![CDATA[]]></system-err>
</testsuite>
