<?xml version="1.0" encoding="UTF-8"?>
<testsuite name="org.fisco.bcos.PrecompiledServiceApiTest" tests="1" skipped="0" failures="0" errors="0" timestamp="2019-12-12T07:44:20" hostname="fiscobcos-VirtualBox" time="1.252">
  <properties/>
  <testcase name="testSystemConfigService" classname="org.fisco.bcos.PrecompiledServiceApiTest" time="1.252"/>
  <system-out><![CDATA[2019-12-12 15:44:09,382 [Test worker] INFO  [o.s.b.t.context.SpringBootTestContextBootstrapper] AbstractTestContextBootstrapper.java:308 - Neither @ContextConfiguration nor @ContextHierarchy found for test class [org.fisco.bcos.PrecompiledServiceApiTest], using SpringBootContextLoader
2019-12-12 15:44:09,384 [Test worker] INFO  [o.s.test.context.support.AbstractContextLoader] AbstractContextLoader.java:264 - Could not detect default resource locations for test class [org.fisco.bcos.PrecompiledServiceApiTest]: no resource found for suffixes {-context.xml, Context.groovy}.
2019-12-12 15:44:09,804 [Test worker] INFO  [o.s.b.t.context.SpringBootTestContextBootstrapper] AbstractTestContextBootstrapper.java:248 - Loaded default TestExecutionListener class names from location [META-INF/spring.factories]: [org.springframework.boot.test.autoconfigure.restdocs.RestDocsTestExecutionListener, org.springframework.boot.test.autoconfigure.web.client.MockRestServiceServerResetTestExecutionListener, org.springframework.boot.test.autoconfigure.web.servlet.MockMvcPrintOnlyOnFailureTestExecutionListener, org.springframework.boot.test.autoconfigure.web.servlet.WebDriverTestExecutionListener, org.springframework.boot.test.mock.mockito.MockitoTestExecutionListener, org.springframework.boot.test.mock.mockito.ResetMocksTestExecutionListener, org.springframework.test.context.web.ServletTestExecutionListener, org.springframework.test.context.support.DirtiesContextBeforeModesTestExecutionListener, org.springframework.test.context.support.DependencyInjectionTestExecutionListener, org.springframework.test.context.support.DirtiesContextTestExecutionListener, org.springframework.test.context.transaction.TransactionalTestExecutionListener, org.springframework.test.context.jdbc.SqlScriptsTestExecutionListener]
2019-12-12 15:44:09,902 [Test worker] INFO  [o.s.b.t.context.SpringBootTestContextBootstrapper] AbstractTestContextBootstrapper.java:177 - Using TestExecutionListeners: [org.springframework.test.context.support.DirtiesContextBeforeModesTestExecutionListener@560bde9b, org.springframework.boot.test.mock.mockito.MockitoTestExecutionListener@7da893fc, org.springframework.boot.test.autoconfigure.SpringBootDependencyInjectionTestExecutionListener@1a0e26fe, org.springframework.test.context.support.DirtiesContextTestExecutionListener@48de1476, org.springframework.test.context.transaction.TransactionalTestExecutionListener@40a9f4f0, org.springframework.test.context.jdbc.SqlScriptsTestExecutionListener@79a7b86a, org.springframework.boot.test.autoconfigure.restdocs.RestDocsTestExecutionListener@12f55876, org.springframework.boot.test.autoconfigure.web.client.MockRestServiceServerResetTestExecutionListener@2ab083fa, org.springframework.boot.test.autoconfigure.web.servlet.MockMvcPrintOnlyOnFailureTestExecutionListener@25b1fc28, org.springframework.boot.test.autoconfigure.web.servlet.WebDriverTestExecutionListener@6191741c, org.springframework.boot.test.mock.mockito.ResetMocksTestExecutionListener@591fa6b0]

  .   ____          _            __ _ _
 /\\ / ___'_ __ _ _(_)_ __  __ _ \ \ \ \
( ( )\___ | '_ | '_| | '_ \/ _` | \ \ \ \
 \\/  ___)| |_)| | | | | || (_| |  ) ) ) )
  '  |____| .__|_| |_|_| |_\__, | / / / /
 =========|_|==============|___/=/_/_/_/
 :: Spring Boot ::        (v2.1.4.RELEASE)

2019-12-12 15:44:11,618 [Test worker] INFO  [org.fisco.bcos.PrecompiledServiceApiTest] StartupInfoLogger.java:50 - Starting PrecompiledServiceApiTest on fiscobcos-VirtualBox with PID 5912 (started by fisco-bcos in /home/fisco-bcos/spring-boot-starter)
2019-12-12 15:44:11,623 [Test worker] INFO  [org.fisco.bcos.PrecompiledServiceApiTest] SpringApplication.java:675 - No active profile set, falling back to default profiles: default
2019-12-12 15:44:16,273 [Test worker] INFO  [org.fisco.bcos.autoconfigure.AccountConfig] AccountConfig.java:62 - pem accounts : 0xcdcce60801c0a2e6bb534322c32ae528b9dec8d2.pem
0xcdcce60801c0a2e6bb534322c32ae528b9dec8d2
2019-12-12 15:44:17,644 [Test worker] INFO  [org.fisco.bcos.autoconfigure.ServiceConfig] ServiceConfig.java:25 - agencyName : fisco
2019-12-12 15:44:17,687 [Test worker] INFO  [org.fisco.bcos.channel.handler.ChannelConnections] ChannelConnections.java:366 -  add connected node: 127.0.0.1:20200
2019-12-12 15:44:18,439 [Thread-7] INFO  [org.fisco.bcos.channel.handler.ChannelConnections] ChannelConnections.java:503 - try connect to: 127.0.0.1:20200
2019-12-12 15:44:18,859 [nioEventLoopGroup-2-1] INFO  [org.fisco.bcos.channel.handler.ConnectionCallback] ConnectionCallback.java:91 -  connect 127.0.0.1:20200 success, ctx: 1882454424
2019-12-12 15:44:18,938 [nioEventLoopGroup-2-1] INFO  [org.fisco.bcos.channel.handler.ConnectionCallback] ConnectionCallback.java:207 -  query node version host: 127.0.0.1:20200, seq: 0f316f5e2a334b73a3695d3797a914eb, content: {"jsonrpc":"2.0","method":"getClientVersion","params":[],"id":0}
2019-12-12 15:44:19,311 [nioEventLoopGroup-2-1] INFO  [org.fisco.bcos.channel.handler.ConnectionCallback] ConnectionCallback.java:258 -  node: Version [buildTime=20190923 13:22:09, buildType=Linux/clang/Release, chainID=1, version=2.1.0, gitBranch=HEAD, gitCommit=cb68124d4fbf3df563a57dfff5f0c6eedc1419cc, supportedVersion=2.1.0], content: {"id":0,"jsonrpc":"2.0","result":{"Build Time":"20190923 13:22:09","Build Type":"Linux/clang/Release","Chain Id":"1","FISCO-BCOS Version":"2.1.0","Git Branch":"HEAD","Git Commit Hash":"cb68124d4fbf3df563a57dfff5f0c6eedc1419cc","Supported Version":"2.1.0"}}

2019-12-12 15:44:19,318 [nioEventLoopGroup-2-1] INFO  [org.fisco.bcos.channel.handler.ConnectionCallback] ConnectionCallback.java:267 -  support channel handshake node: Version [buildTime=20190923 13:22:09, buildType=Linux/clang/Release, chainID=1, version=2.1.0, gitBranch=HEAD, gitCommit=cb68124d4fbf3df563a57dfff5f0c6eedc1419cc, supportedVersion=2.1.0], content: {"id":0,"jsonrpc":"2.0","result":{"Build Time":"20190923 13:22:09","Build Type":"Linux/clang/Release","Chain Id":"1","FISCO-BCOS Version":"2.1.0","Git Branch":"HEAD","Git Commit Hash":"cb68124d4fbf3df563a57dfff5f0c6eedc1419cc","Supported Version":"2.1.0"}}

2019-12-12 15:44:19,338 [nioEventLoopGroup-2-1] INFO  [org.fisco.bcos.channel.handler.ConnectionCallback] ConnectionCallback.java:167 -  channel protocol handshake success, set socket channel protocol, host: 127.0.0.1:20200, channel protocol: ChannelProtocol [protocol=2, nodeVersion=2.1.0, EnumProtocol=VERSION_2]
2019-12-12 15:44:19,357 [nioEventLoopGroup-2-1] INFO  [org.fisco.bcos.channel.handler.ConnectionCallback] ConnectionCallback.java:338 -  send sub block notification request, seq: 733b02f1316c4a84986129a4344fda2e, content: ["_block_notify_1"]
2019-12-12 15:44:19,384 [nioEventLoopGroup-2-1] INFO  [org.fisco.bcos.channel.handler.ConnectionCallback] ConnectionCallback.java:370 -  query block number host: 127.0.0.1:20200, seq: 660bf1893ae44a869feadfa8df2567c4, content: {"jsonrpc":"2.0","method":"getBlockNumber","params":[1],"id":1}
2019-12-12 15:44:19,404 [nioEventLoopGroup-2-1] INFO  [org.fisco.bcos.channel.handler.ConnectionCallback] ConnectionCallback.java:395 -  query blocknumer, host:127.0.0.1:20200, blockNumber: 10 
2019-12-12 15:44:20,929 [Test worker] INFO  [org.fisco.bcos.PrecompiledServiceApiTest] StartupInfoLogger.java:59 - Started PrecompiledServiceApiTest in 10.925 seconds (JVM running for 19.051)
2019-12-12 15:44:21,504 [Test worker] INFO  [org.fisco.bcos.web3j.utils.Async] Async.java:19 -  default set setExeutor , pool size is 50
2019-12-12 15:44:21,508 [Test worker] INFO  [org.fisco.bcos.web3j.utils.Async] Async.java:81 -  set setExeutor because executor null, executor is java.util.concurrent.ThreadPoolExecutor@292a73af[Running, pool size = 0, active threads = 0, queued tasks = 0, completed tasks = 0]
2019-12-12 15:44:22,122 [nioEventLoopGroup-2-1] INFO  [org.fisco.bcos.channel.client.Service] Service.java:1316 - Receive block notify: {"blockNumber":11,"groupID":1}

2000
]]></system-out>
  <system-err><![CDATA[]]></system-err>
</testsuite>
