<?xml version="1.0" encoding="UTF-8"?>
<testsuite name="org.fisco.bcos.server.Channel2Client" tests="1" skipped="0" failures="0" errors="0" timestamp="2019-12-12T07:44:25" hostname="fiscobcos-VirtualBox" time="7.093">
  <properties/>
  <testcase name="channel2ClientTest" classname="org.fisco.bcos.server.Channel2Client" time="7.093"/>
  <system-out><![CDATA[2019-12-12 15:44:25,301 [Test worker] INFO  [o.s.b.t.context.SpringBootTestContextBootstrapper] AbstractTestContextBootstrapper.java:308 - Neither @ContextConfiguration nor @ContextHierarchy found for test class [org.fisco.bcos.server.Channel2Client], using SpringBootContextLoader
2019-12-12 15:44:25,304 [Test worker] INFO  [o.s.test.context.support.AbstractContextLoader] AbstractContextLoader.java:264 - Could not detect default resource locations for test class [org.fisco.bcos.server.Channel2Client]: no resource found for suffixes {-context.xml, Context.groovy}.
2019-12-12 15:44:25,313 [Test worker] INFO  [o.s.b.t.context.SpringBootTestContextBootstrapper] AbstractTestContextBootstrapper.java:248 - Loaded default TestExecutionListener class names from location [META-INF/spring.factories]: [org.springframework.boot.test.autoconfigure.restdocs.RestDocsTestExecutionListener, org.springframework.boot.test.autoconfigure.web.client.MockRestServiceServerResetTestExecutionListener, org.springframework.boot.test.autoconfigure.web.servlet.MockMvcPrintOnlyOnFailureTestExecutionListener, org.springframework.boot.test.autoconfigure.web.servlet.WebDriverTestExecutionListener, org.springframework.boot.test.mock.mockito.MockitoTestExecutionListener, org.springframework.boot.test.mock.mockito.ResetMocksTestExecutionListener, org.springframework.test.context.web.ServletTestExecutionListener, org.springframework.test.context.support.DirtiesContextBeforeModesTestExecutionListener, org.springframework.test.context.support.DependencyInjectionTestExecutionListener, org.springframework.test.context.support.DirtiesContextTestExecutionListener, org.springframework.test.context.transaction.TransactionalTestExecutionListener, org.springframework.test.context.jdbc.SqlScriptsTestExecutionListener]
2019-12-12 15:44:25,315 [Test worker] INFO  [o.s.b.t.context.SpringBootTestContextBootstrapper] AbstractTestContextBootstrapper.java:177 - Using TestExecutionListeners: [org.springframework.test.context.support.DirtiesContextBeforeModesTestExecutionListener@76c10dbc, org.springframework.boot.test.mock.mockito.MockitoTestExecutionListener@653161f4, org.springframework.boot.test.autoconfigure.SpringBootDependencyInjectionTestExecutionListener@2f2e078f, org.springframework.test.context.support.DirtiesContextTestExecutionListener@7733e862, org.springframework.test.context.transaction.TransactionalTestExecutionListener@961a7d5, org.springframework.test.context.jdbc.SqlScriptsTestExecutionListener@67b149cc, org.springframework.boot.test.autoconfigure.restdocs.RestDocsTestExecutionListener@38fc28ca, org.springframework.boot.test.autoconfigure.web.client.MockRestServiceServerResetTestExecutionListener@5064a74f, org.springframework.boot.test.autoconfigure.web.servlet.MockMvcPrintOnlyOnFailureTestExecutionListener@54bfed99, org.springframework.boot.test.autoconfigure.web.servlet.WebDriverTestExecutionListener@39ad31eb, org.springframework.boot.test.mock.mockito.ResetMocksTestExecutionListener@60cee46c]
3s ...
2s ...
1s ...
start test
===================================================================
2019-12-12 15:44:29,348 [Thread-8] INFO  [o.f.b.channel.event.filter.EventLogFilterManager] EventLogFilterManager.java:154 -  event filter manager, filter: 0, callback: 0
2019-12-12 15:44:30 request seq:d09b3dbe6f1542fba2e1982b1be6a2af, Content:request seq:d09b3dbe6f1542fba2e1982b1be6a2af
2019-12-12 15:44:30,372 [Test worker] INFO  [org.fisco.bcos.channel.client.Service] Service.java:611 - msgid:d09b3dbe6f1542fba2e1982b1be6a2af type:48 topic:topic
2019-12-12 15:44:30,375 [Test worker] INFO  [org.fisco.bcos.channel.client.Service] Service.java:649 - put msgid:d09b3dbe6f1542fba2e1982b1be6a2af into callback map
2019-12-12 15:44:30,376 [Test worker] INFO  [org.fisco.bcos.channel.client.Service] Service.java:653 - timeoutms:5000
2019-12-12 15:44:30,381 [nioEventLoopGroup-2-1] INFO  [org.fisco.bcos.channel.client.Service] Service.java:1117 - channel message:d09b3dbe6f1542fba2e1982b1be6a2af
2019-12-12 15:44:30response seq:d09b3dbe6f1542fba2e1982b1be6a2af, ErrorCode:100, Content:null
2019-12-12 15:44:32 request seq:a1fbc365bcb749fabfd175e7c70e803c, Content:request seq:a1fbc365bcb749fabfd175e7c70e803c
2019-12-12 15:44:32,385 [Test worker] INFO  [org.fisco.bcos.channel.client.Service] Service.java:611 - msgid:a1fbc365bcb749fabfd175e7c70e803c type:48 topic:topic
2019-12-12 15:44:32,392 [Test worker] INFO  [org.fisco.bcos.channel.client.Service] Service.java:649 - put msgid:a1fbc365bcb749fabfd175e7c70e803c into callback map
2019-12-12 15:44:32,397 [Test worker] INFO  [org.fisco.bcos.channel.client.Service] Service.java:653 - timeoutms:5000
2019-12-12 15:44:32,405 [nioEventLoopGroup-2-1] INFO  [org.fisco.bcos.channel.client.Service] Service.java:1117 - channel message:a1fbc365bcb749fabfd175e7c70e803c
2019-12-12 15:44:32response seq:a1fbc365bcb749fabfd175e7c70e803c, ErrorCode:100, Content:null
]]></system-out>
  <system-err><![CDATA[]]></system-err>
</testsuite>
