<?xml version="1.0" encoding="UTF-8"?>
<testsuite name="org.fisco.bcos.server.Channel2Server" tests="1" skipped="0" failures="0" errors="0" timestamp="2019-12-12T07:44:22" hostname="fiscobcos-VirtualBox" time="3.009">
  <properties/>
  <testcase name="channel2ServerTest" classname="org.fisco.bcos.server.Channel2Server" time="3.009"/>
  <system-out><![CDATA[2019-12-12 15:44:22,267 [Test worker] INFO  [o.s.b.t.context.SpringBootTestContextBootstrapper] AbstractTestContextBootstrapper.java:308 - Neither @ContextConfiguration nor @ContextHierarchy found for test class [org.fisco.bcos.server.Channel2Server], using SpringBootContextLoader
2019-12-12 15:44:22,271 [Test worker] INFO  [o.s.test.context.support.AbstractContextLoader] AbstractContextLoader.java:264 - Could not detect default resource locations for test class [org.fisco.bcos.server.Channel2Server]: no resource found for suffixes {-context.xml, Context.groovy}.
2019-12-12 15:44:22,279 [Test worker] INFO  [o.s.b.t.context.SpringBootTestContextBootstrapper] AbstractTestContextBootstrapper.java:248 - Loaded default TestExecutionListener class names from location [META-INF/spring.factories]: [org.springframework.boot.test.autoconfigure.restdocs.RestDocsTestExecutionListener, org.springframework.boot.test.autoconfigure.web.client.MockRestServiceServerResetTestExecutionListener, org.springframework.boot.test.autoconfigure.web.servlet.MockMvcPrintOnlyOnFailureTestExecutionListener, org.springframework.boot.test.autoconfigure.web.servlet.WebDriverTestExecutionListener, org.springframework.boot.test.mock.mockito.MockitoTestExecutionListener, org.springframework.boot.test.mock.mockito.ResetMocksTestExecutionListener, org.springframework.test.context.web.ServletTestExecutionListener, org.springframework.test.context.support.DirtiesContextBeforeModesTestExecutionListener, org.springframework.test.context.support.DependencyInjectionTestExecutionListener, org.springframework.test.context.support.DirtiesContextTestExecutionListener, org.springframework.test.context.transaction.TransactionalTestExecutionListener, org.springframework.test.context.jdbc.SqlScriptsTestExecutionListener]
2019-12-12 15:44:22,284 [Test worker] INFO  [o.s.b.t.context.SpringBootTestContextBootstrapper] AbstractTestContextBootstrapper.java:177 - Using TestExecutionListeners: [org.springframework.test.context.support.DirtiesContextBeforeModesTestExecutionListener@60899680, org.springframework.boot.test.mock.mockito.MockitoTestExecutionListener@46a0b257, org.springframework.boot.test.autoconfigure.SpringBootDependencyInjectionTestExecutionListener@426b30d9, org.springframework.test.context.support.DirtiesContextTestExecutionListener@1de4b8b1, org.springframework.test.context.transaction.TransactionalTestExecutionListener@31f5001b, org.springframework.test.context.jdbc.SqlScriptsTestExecutionListener@72042e78, org.springframework.boot.test.autoconfigure.restdocs.RestDocsTestExecutionListener@69f23519, org.springframework.boot.test.autoconfigure.web.client.MockRestServiceServerResetTestExecutionListener@516b29a6, org.springframework.boot.test.autoconfigure.web.servlet.MockMvcPrintOnlyOnFailureTestExecutionListener@48871e48, org.springframework.boot.test.autoconfigure.web.servlet.WebDriverTestExecutionListener@1ba39ece, org.springframework.boot.test.mock.mockito.ResetMocksTestExecutionListener@63012a5e]
3s...
2s...
1s...
start test
===================================================================
]]></system-out>
  <system-err><![CDATA[]]></system-err>
</testsuite>
